<?xml version="1.0" encoding="UTF-8"?>
<coverage generated="1512637659494" clover="3.2.0">
  <project timestamp="1512637659494" name="All files">
    <metrics statements="44" coveredstatements="31" conditionals="20" coveredconditionals="5" methods="16" coveredmethods="11" elements="80" coveredelements="47" complexity="0" loc="44" ncloc="44" packages="2" files="2" classes="2">
      <package name="dist">
        <metrics statements="39" coveredstatements="26" conditionals="20" coveredconditionals="5" methods="14" coveredmethods="9"/>
        <file name="react-json-editor.js" path="/mnt/d/Code/react-json-editor/dist/react-json-editor.js">
          <metrics statements="39" coveredstatements="26" conditionals="20" coveredconditionals="5" methods="14" coveredmethods="9"/>
          <line num="1" count="1" type="stmt"/>
          <line num="2" count="1" type="cond" truecount="3" falsecount="1"/>
          <line num="3" count="1" type="stmt"/>
          <line num="4" count="0" type="cond" truecount="0" falsecount="4"/>
          <line num="5" count="0" type="stmt"/>
          <line num="6" count="0" type="cond" truecount="0" falsecount="2"/>
          <line num="7" count="0" type="stmt"/>
          <line num="9" count="0" type="stmt"/>
          <line num="11" count="1" type="stmt"/>
          <line num="13" count="1" type="stmt"/>
          <line num="19" count="3" type="cond" truecount="1" falsecount="1"/>
          <line num="20" count="0" type="stmt"/>
          <line num="23" count="3" type="stmt"/>
          <line num="30" count="3" type="stmt"/>
          <line num="33" count="3" type="stmt"/>
          <line num="36" count="3" type="stmt"/>
          <line num="41" count="1" type="stmt"/>
          <line num="44" count="1" type="stmt"/>
          <line num="47" count="1" type="stmt"/>
          <line num="48" count="0" type="cond" truecount="0" falsecount="2"/>
          <line num="49" count="0" type="stmt"/>
          <line num="58" count="1" type="stmt"/>
          <line num="59" count="0" type="cond" truecount="0" falsecount="4"/>
          <line num="60" count="0" type="stmt"/>
          <line num="61" count="0" type="stmt"/>
          <line num="62" count="0" type="stmt"/>
          <line num="63" count="0" type="stmt"/>
          <line num="67" count="1" type="stmt"/>
          <line num="70" count="1" type="stmt"/>
          <line num="73" count="1" type="stmt"/>
          <line num="82" count="1" type="stmt"/>
          <line num="83" count="1" type="stmt"/>
          <line num="84" count="1" type="stmt"/>
          <line num="93" count="1" type="stmt"/>
          <line num="94" count="1" type="stmt"/>
          <line num="97" count="1" type="stmt"/>
          <line num="100" count="1" type="stmt"/>
          <line num="103" count="1" type="stmt"/>
          <line num="110" count="1" type="stmt"/>
        </file>
      </package>
      <package name="src.components">
        <metrics statements="5" coveredstatements="5" conditionals="0" coveredconditionals="0" methods="2" coveredmethods="2"/>
        <file name="JsonEditor.tsx" path="/mnt/d/Code/react-json-editor/src/components/JsonEditor.tsx">
          <metrics statements="5" coveredstatements="5" conditionals="0" coveredconditionals="0" methods="2" coveredmethods="2"/>
          <line num="2" count="1" type="stmt"/>
          <line num="3" count="1" type="stmt"/>
          <line num="6" count="1" type="stmt"/>
          <line num="9" count="1" type="stmt"/>
          <line num="12" count="1" type="stmt"/>
        </file>
      </package>
    </metrics>
  </project>
</coverage>
