{"/mnt/d/Code/react-json-editor/dist/react-json-editor.js": {"path":"/mnt/d/Code/react-json-editor/dist/react-json-editor.js","statementMap":{"0":{"start":{"line":1,"column":0},"end":{"line":114,"column":3}},"1":{"start":{"line":2,"column":1},"end":{"line":9,"column":53}},"2":{"start":{"line":3,"column":2},"end":{"line":3,"column":45}},"3":{"start":{"line":4,"column":6},"end":{"line":9,"column":53}},"4":{"start":{"line":5,"column":2},"end":{"line":5,"column":50}},"5":{"start":{"line":6,"column":6},"end":{"line":9,"column":53}},"6":{"start":{"line":7,"column":2},"end":{"line":7,"column":59}},"7":{"start":{"line":9,"column":2},"end":{"line":9,"column":53}},"8":{"start":{"line":11,"column":0},"end":{"line":113,"column":12}},"9":{"start":{"line":13,"column":33},"end":{"line":13,"column":35}},"10":{"start":{"line":19,"column":11},"end":{"line":21,"column":12}},"11":{"start":{"line":20,"column":12},"end":{"line":20,"column":54}},"12":{"start":{"line":23,"column":24},"end":{"line":27,"column":12}},"13":{"start":{"line":30,"column":11},"end":{"line":30,"column":95}},"14":{"start":{"line":33,"column":11},"end":{"line":33,"column":27}},"15":{"start":{"line":36,"column":11},"end":{"line":36,"column":33}},"16":{"start":{"line":41,"column":10},"end":{"line":41,"column":42}},"17":{"start":{"line":44,"column":10},"end":{"line":44,"column":51}},"18":{"start":{"line":47,"column":10},"end":{"line":55,"column":12}},"19":{"start":{"line":48,"column":11},"end":{"line":54,"column":12}},"20":{"start":{"line":49,"column":12},"end":{"line":53,"column":15}},"21":{"start":{"line":58,"column":10},"end":{"line":64,"column":12}},"22":{"start":{"line":59,"column":24},"end":{"line":61,"column":58}},"23":{"start":{"line":60,"column":36},"end":{"line":60,"column":61}},"24":{"start":{"line":61,"column":42},"end":{"line":61,"column":56}},"25":{"start":{"line":62,"column":11},"end":{"line":62,"column":54}},"26":{"start":{"line":63,"column":11},"end":{"line":63,"column":25}},"27":{"start":{"line":67,"column":10},"end":{"line":67,"column":128}},"28":{"start":{"line":67,"column":63},"end":{"line":67,"column":125}},"29":{"start":{"line":70,"column":10},"end":{"line":70,"column":37}},"30":{"start":{"line":73,"column":10},"end":{"line":73,"column":64}},"31":{"start":{"line":82,"column":0},"end":{"line":82,"column":62}},"32":{"start":{"line":83,"column":19},"end":{"line":83,"column":41}},"33":{"start":{"line":84,"column":0},"end":{"line":84,"column":45}},"34":{"start":{"line":93,"column":0},"end":{"line":93,"column":62}},"35":{"start":{"line":94,"column":14},"end":{"line":94,"column":36}},"36":{"start":{"line":97,"column":8},"end":{"line":97,"column":21}},"37":{"start":{"line":100,"column":8},"end":{"line":100,"column":80}},"38":{"start":{"line":103,"column":0},"end":{"line":103,"column":32}},"39":{"start":{"line":110,"column":0},"end":{"line":110,"column":47}}},"fnMap":{"0":{"name":"webpackUniversalModuleDefinition","decl":{"start":{"line":1,"column":10},"end":{"line":1,"column":42}},"loc":{"start":{"line":1,"column":58},"end":{"line":10,"column":1}},"line":1},"1":{"name":"(anonymous_1)","decl":{"start":{"line":10,"column":46},"end":{"line":10,"column":47}},"loc":{"start":{"line":10,"column":86},"end":{"line":114,"column":1}},"line":10},"2":{"name":"(anonymous_2)","decl":{"start":{"line":11,"column":17},"end":{"line":11,"column":18}},"loc":{"start":{"line":11,"column":35},"end":{"line":74,"column":10}},"line":11},"3":{"name":"__webpack_require__","decl":{"start":{"line":16,"column":19},"end":{"line":16,"column":38}},"loc":{"start":{"line":16,"column":49},"end":{"line":37,"column":11}},"line":16},"4":{"name":"(anonymous_4)","decl":{"start":{"line":47,"column":34},"end":{"line":47,"column":35}},"loc":{"start":{"line":47,"column":66},"end":{"line":55,"column":11}},"line":47},"5":{"name":"(anonymous_5)","decl":{"start":{"line":58,"column":34},"end":{"line":58,"column":35}},"loc":{"start":{"line":58,"column":51},"end":{"line":64,"column":11}},"line":58},"6":{"name":"getDefault","decl":{"start":{"line":60,"column":21},"end":{"line":60,"column":31}},"loc":{"start":{"line":60,"column":34},"end":{"line":60,"column":63}},"line":60},"7":{"name":"getModuleExports","decl":{"start":{"line":61,"column":21},"end":{"line":61,"column":37}},"loc":{"start":{"line":61,"column":40},"end":{"line":61,"column":58}},"line":61},"8":{"name":"(anonymous_8)","decl":{"start":{"line":67,"column":34},"end":{"line":67,"column":35}},"loc":{"start":{"line":67,"column":61},"end":{"line":67,"column":127}},"line":67},"9":{"name":"(anonymous_9)","decl":{"start":{"line":78,"column":7},"end":{"line":78,"column":8}},"loc":{"start":{"line":78,"column":54},"end":{"line":87,"column":7}},"line":78},"10":{"name":"(anonymous_10)","decl":{"start":{"line":89,"column":7},"end":{"line":89,"column":8}},"loc":{"start":{"line":89,"column":54},"end":{"line":106,"column":7}},"line":89},"11":{"name":"(anonymous_11)","decl":{"start":{"line":96,"column":4},"end":{"line":96,"column":5}},"loc":{"start":{"line":96,"column":23},"end":{"line":98,"column":5}},"line":96},"12":{"name":"(anonymous_12)","decl":{"start":{"line":99,"column":4},"end":{"line":99,"column":5}},"loc":{"start":{"line":99,"column":13},"end":{"line":101,"column":5}},"line":99},"13":{"name":"(anonymous_13)","decl":{"start":{"line":108,"column":7},"end":{"line":108,"column":8}},"loc":{"start":{"line":108,"column":33},"end":{"line":112,"column":7}},"line":108}},"branchMap":{"0":{"loc":{"start":{"line":2,"column":1},"end":{"line":9,"column":53}},"type":"if","locations":[{"start":{"line":2,"column":1},"end":{"line":9,"column":53}},{"start":{"line":2,"column":1},"end":{"line":9,"column":53}}],"line":2},"1":{"loc":{"start":{"line":2,"column":4},"end":{"line":2,"column":61}},"type":"binary-expr","locations":[{"start":{"line":2,"column":4},"end":{"line":2,"column":31}},{"start":{"line":2,"column":35},"end":{"line":2,"column":61}}],"line":2},"2":{"loc":{"start":{"line":4,"column":6},"end":{"line":9,"column":53}},"type":"if","locations":[{"start":{"line":4,"column":6},"end":{"line":9,"column":53}},{"start":{"line":4,"column":6},"end":{"line":9,"column":53}}],"line":4},"3":{"loc":{"start":{"line":4,"column":9},"end":{"line":4,"column":51}},"type":"binary-expr","locations":[{"start":{"line":4,"column":9},"end":{"line":4,"column":37}},{"start":{"line":4,"column":41},"end":{"line":4,"column":51}}],"line":4},"4":{"loc":{"start":{"line":6,"column":6},"end":{"line":9,"column":53}},"type":"if","locations":[{"start":{"line":6,"column":6},"end":{"line":9,"column":53}},{"start":{"line":6,"column":6},"end":{"line":9,"column":53}}],"line":6},"5":{"loc":{"start":{"line":10,"column":3},"end":{"line":10,"column":44}},"type":"cond-expr","locations":[{"start":{"line":10,"column":33},"end":{"line":10,"column":37}},{"start":{"line":10,"column":40},"end":{"line":10,"column":44}}],"line":10},"6":{"loc":{"start":{"line":19,"column":11},"end":{"line":21,"column":12}},"type":"if","locations":[{"start":{"line":19,"column":11},"end":{"line":21,"column":12}},{"start":{"line":19,"column":11},"end":{"line":21,"column":12}}],"line":19},"7":{"loc":{"start":{"line":48,"column":11},"end":{"line":54,"column":12}},"type":"if","locations":[{"start":{"line":48,"column":11},"end":{"line":54,"column":12}},{"start":{"line":48,"column":11},"end":{"line":54,"column":12}}],"line":48},"8":{"loc":{"start":{"line":59,"column":24},"end":{"line":61,"column":58}},"type":"cond-expr","locations":[{"start":{"line":60,"column":12},"end":{"line":60,"column":63}},{"start":{"line":61,"column":12},"end":{"line":61,"column":58}}],"line":59},"9":{"loc":{"start":{"line":59,"column":24},"end":{"line":59,"column":51}},"type":"binary-expr","locations":[{"start":{"line":59,"column":24},"end":{"line":59,"column":30}},{"start":{"line":59,"column":34},"end":{"line":59,"column":51}}],"line":59}},"s":{"0":1,"1":1,"2":1,"3":0,"4":0,"5":0,"6":0,"7":0,"8":1,"9":1,"10":3,"11":0,"12":3,"13":3,"14":3,"15":3,"16":1,"17":1,"18":1,"19":0,"20":0,"21":1,"22":0,"23":0,"24":0,"25":0,"26":0,"27":1,"28":0,"29":1,"30":1,"31":1,"32":1,"33":1,"34":1,"35":1,"36":1,"37":1,"38":1,"39":1},"f":{"0":1,"1":1,"2":1,"3":3,"4":0,"5":0,"6":0,"7":0,"8":0,"9":1,"10":1,"11":1,"12":1,"13":1},"b":{"0":[1,0],"1":[1,1],"2":[0,0],"3":[0,0],"4":[0,0],"5":[1,0],"6":[0,3],"7":[0,0],"8":[0,0],"9":[0,0]},"_coverageSchema":"332fd63041d2c1bcb487cc26dd0d5f7d97098a6c","hash":"6d6ccd2ded0bdb1ec33244ee2229ef107185e54e"}
,"/mnt/d/Code/react-json-editor/src/components/JsonEditor.tsx": {"path":"/mnt/d/Code/react-json-editor/src/components/JsonEditor.tsx","statementMap":{"0":{"start":{"line":2,"column":0},"end":{"line":2,"column":62}},"1":{"start":{"line":3,"column":14},"end":{"line":3,"column":30}},"2":{"start":{"line":6,"column":8},"end":{"line":6,"column":21}},"3":{"start":{"line":9,"column":8},"end":{"line":9,"column":80}},"4":{"start":{"line":12,"column":0},"end":{"line":12,"column":32}}},"fnMap":{"0":{"name":"(anonymous_0)","decl":{"start":{"line":5,"column":4},"end":{"line":5,"column":5}},"loc":{"start":{"line":5,"column":23},"end":{"line":7,"column":5}},"line":5},"1":{"name":"(anonymous_1)","decl":{"start":{"line":8,"column":4},"end":{"line":8,"column":5}},"loc":{"start":{"line":8,"column":13},"end":{"line":10,"column":5}},"line":8}},"branchMap":{},"s":{"0":1,"1":1,"2":1,"3":1,"4":1},"f":{"0":1,"1":1},"b":{},"inputSourceMap":{"version":3,"file":"JsonEditor.js","sourceRoot":"","sources":["JsonEditor.tsx"],"names":[],"mappings":";;AAAA,+BAA+B;AAU/B,gBAAwB,SAAQ,KAAK,CAAC,aAA+C;IACjF,YAAY,KAAqB;QAC7B,KAAK,CAAC,KAAK,CAAC,CAAC;IACjB,CAAC;IAEM,MAAM;QACT,MAAM,CAAC,CACH,6BAAK,SAAS,EAAC,mBAAmB,GAG5B,CACT,CAAC;IACN,CAAC;CACJ;AAbD,gCAaC","sourcesContent":["import * as React from 'react';\r\n\r\nexport interface JsonEditorProps {\r\n    style: React.CSSProperties;\r\n}\r\n\r\nexport interface JsonEditorState {\r\n\r\n}\r\n\r\nexport class JsonEditor extends React.PureComponent<JsonEditorProps, JsonEditorState> {\r\n    constructor(props:JsonEditorProps) {\r\n        super(props);\r\n    }\r\n\r\n    public render() {\r\n        return (\r\n            <div className='react-json-editor'>\r\n\r\n\r\n            </div>\r\n        );\r\n    }\r\n}"]},"_coverageSchema":"332fd63041d2c1bcb487cc26dd0d5f7d97098a6c","hash":"6a456a757ee29e2e7ec37369358c1fbe8f165139"}
}
