{"/mnt/d/Code/react-json-editor/src/components/JsonEditor.tsx": {"path":"/mnt/d/Code/react-json-editor/src/components/JsonEditor.tsx","statementMap":{"0":{"start":{"line":2,"column":0},"end":{"line":2,"column":62}},"1":{"start":{"line":3,"column":14},"end":{"line":3,"column":30}},"2":{"start":{"line":6,"column":8},"end":{"line":6,"column":21}},"3":{"start":{"line":9,"column":8},"end":{"line":9,"column":80}},"4":{"start":{"line":12,"column":0},"end":{"line":12,"column":32}}},"fnMap":{"0":{"name":"(anonymous_0)","decl":{"start":{"line":5,"column":4},"end":{"line":5,"column":5}},"loc":{"start":{"line":5,"column":23},"end":{"line":7,"column":5}},"line":5},"1":{"name":"(anonymous_1)","decl":{"start":{"line":8,"column":4},"end":{"line":8,"column":5}},"loc":{"start":{"line":8,"column":13},"end":{"line":10,"column":5}},"line":8}},"branchMap":{},"s":{"0":1,"1":1,"2":1,"3":1,"4":1},"f":{"0":1,"1":1},"b":{},"inputSourceMap":{"version":3,"file":"JsonEditor.js","sourceRoot":"","sources":["JsonEditor.tsx"],"names":[],"mappings":";;AAAA,+BAA+B;AAU/B,gBAAwB,SAAQ,KAAK,CAAC,aAA+C;IACjF,YAAY,KAAqB;QAC7B,KAAK,CAAC,KAAK,CAAC,CAAC;IACjB,CAAC;IAEM,MAAM;QACT,MAAM,CAAC,CACH,6BAAK,SAAS,EAAC,mBAAmB,GAG5B,CACT,CAAC;IACN,CAAC;CACJ;AAbD,gCAaC","sourcesContent":["import * as React from 'react';\r\n\r\nexport interface JsonEditorProps {\r\n    style: React.CSSProperties;\r\n}\r\n\r\nexport interface JsonEditorState {\r\n\r\n}\r\n\r\nexport class JsonEditor extends React.PureComponent<JsonEditorProps, JsonEditorState> {\r\n    constructor(props:JsonEditorProps) {\r\n        super(props);\r\n    }\r\n\r\n    public render() {\r\n        return (\r\n            <div className='react-json-editor'>\r\n\r\n\r\n            </div>\r\n        );\r\n    }\r\n}"]},"_coverageSchema":"332fd63041d2c1bcb487cc26dd0d5f7d97098a6c","hash":"6a456a757ee29e2e7ec37369358c1fbe8f165139"}
}
