TN:
SF:/mnt/d/Code/react-json-editor/dist/react-json-editor.js
FN:1,webpackUniversalModuleDefinition
FN:10,(anonymous_1)
FN:11,(anonymous_2)
FN:16,__webpack_require__
FN:47,(anonymous_4)
FN:58,(anonymous_5)
FN:60,getDefault
FN:61,getModuleExports
FN:67,(anonymous_8)
FN:78,(anonymous_9)
FN:89,(anonymous_10)
FN:96,(anonymous_11)
FN:99,(anonymous_12)
FN:108,(anonymous_13)
FNF:14
FNH:9
FNDA:1,webpackUniversalModuleDefinition
FNDA:1,(anonymous_1)
FNDA:1,(anonymous_2)
FNDA:3,__webpack_require__
FNDA:0,(anonymous_4)
FNDA:0,(anonymous_5)
FNDA:0,getDefault
FNDA:0,getModuleExports
FNDA:0,(anonymous_8)
FNDA:1,(anonymous_9)
FNDA:1,(anonymous_10)
FNDA:1,(anonymous_11)
FNDA:1,(anonymous_12)
FNDA:1,(anonymous_13)
DA:1,1
DA:2,1
DA:3,1
DA:4,0
DA:5,0
DA:6,0
DA:7,0
DA:9,0
DA:11,1
DA:13,1
DA:19,3
DA:20,0
DA:23,3
DA:30,3
DA:33,3
DA:36,3
DA:41,1
DA:44,1
DA:47,1
DA:48,0
DA:49,0
DA:58,1
DA:59,0
DA:60,0
DA:61,0
DA:62,0
DA:63,0
DA:67,1
DA:70,1
DA:73,1
DA:82,1
DA:83,1
DA:84,1
DA:93,1
DA:94,1
DA:97,1
DA:100,1
DA:103,1
DA:110,1
LF:39
LH:26
BRDA:2,0,0,1
BRDA:2,0,1,0
BRDA:2,1,0,1
BRDA:2,1,1,1
BRDA:4,2,0,0
BRDA:4,2,1,0
BRDA:4,3,0,0
BRDA:4,3,1,0
BRDA:6,4,0,0
BRDA:6,4,1,0
BRDA:10,5,0,1
BRDA:10,5,1,0
BRDA:19,6,0,0
BRDA:19,6,1,3
BRDA:48,7,0,0
BRDA:48,7,1,0
BRDA:59,8,0,0
BRDA:59,8,1,0
BRDA:59,9,0,0
BRDA:59,9,1,0
BRF:20
BRH:5
end_of_record
TN:
SF:/mnt/d/Code/react-json-editor/src/components/JsonEditor.tsx
FN:5,(anonymous_0)
FN:8,(anonymous_1)
FNF:2
FNH:2
FNDA:1,(anonymous_0)
FNDA:1,(anonymous_1)
DA:2,1
DA:3,1
DA:6,1
DA:9,1
DA:12,1
LF:5
LH:5
BRF:0
BRH:0
end_of_record
